<?xml version="1.0" encoding="UTF-8"?>
<!-- Generated by org.testng.reporters.JUnitReportReporter -->
<testsuite skipped="0" hostname="hp-HP" name="com.inetbanking.testcase.TC_LoginPageTest_001" tests="1" failures="0" timestamp="2020-10-11T16:42:26 IST" time="1.555" errors="0">
  <testcase name="loginTest" time="1.555" classname="com.inetbanking.testcase.TC_LoginPageTest_001"/>
</testsuite> <!-- com.inetbanking.testcase.TC_LoginPageTest_001 -->
